<?xml version="1.0" encoding="UTF-8"?>
<testsuite name="uk.co.waleed.PermutationControllerTests" tests="2" skipped="0" failures="0" errors="0" timestamp="2019-12-28T14:39:25" hostname="Macbooks-MBP" time="0.571">
  <properties/>
  <testcase name="paramPermutationShouldReturnTailoredMessage" classname="uk.co.waleed.PermutationControllerTests" time="0.561"/>
  <testcase name="noParamPermutationShouldReturnDefaultMessage" classname="uk.co.waleed.PermutationControllerTests" time="0.009"/>
  <system-out><![CDATA[14:39:22.443 [Test worker] DEBUG org.springframework.test.context.junit4.SpringJUnit4ClassRunner - SpringJUnit4ClassRunner constructor called with [class uk.co.waleed.PermutationControllerTests]
14:39:22.457 [Test worker] DEBUG org.springframework.test.context.BootstrapUtils - Instantiating CacheAwareContextLoaderDelegate from class [org.springframework.test.context.cache.DefaultCacheAwareContextLoaderDelegate]
14:39:22.465 [Test worker] DEBUG org.springframework.test.context.BootstrapUtils - Instantiating BootstrapContext using constructor [public org.springframework.test.context.support.DefaultBootstrapContext(java.lang.Class,org.springframework.test.context.CacheAwareContextLoaderDelegate)]
14:39:22.499 [Test worker] DEBUG org.springframework.test.context.BootstrapUtils - Instantiating TestContextBootstrapper for test class [uk.co.waleed.PermutationControllerTests] from class [org.springframework.boot.test.context.SpringBootTestContextBootstrapper]
14:39:22.511 [Test worker] INFO org.springframework.boot.test.context.SpringBootTestContextBootstrapper - Neither @ContextConfiguration nor @ContextHierarchy found for test class [uk.co.waleed.PermutationControllerTests], using SpringBootContextLoader
14:39:22.514 [Test worker] DEBUG org.springframework.test.context.support.AbstractContextLoader - Did not detect default resource location for test class [uk.co.waleed.PermutationControllerTests]: class path resource [uk/co/waleed/PermutationControllerTests-context.xml] does not exist
14:39:22.515 [Test worker] DEBUG org.springframework.test.context.support.AbstractContextLoader - Did not detect default resource location for test class [uk.co.waleed.PermutationControllerTests]: class path resource [uk/co/waleed/PermutationControllerTestsContext.groovy] does not exist
14:39:22.515 [Test worker] INFO org.springframework.test.context.support.AbstractContextLoader - Could not detect default resource locations for test class [uk.co.waleed.PermutationControllerTests]: no resource found for suffixes {-context.xml, Context.groovy}.
14:39:22.516 [Test worker] INFO org.springframework.test.context.support.AnnotationConfigContextLoaderUtils - Could not detect default configuration classes for test class [uk.co.waleed.PermutationControllerTests]: PermutationControllerTests does not declare any static, non-private, non-final, nested classes annotated with @Configuration.
14:39:22.581 [Test worker] DEBUG org.springframework.test.context.support.ActiveProfilesUtils - Could not find an 'annotation declaring class' for annotation type [org.springframework.test.context.ActiveProfiles] and class [uk.co.waleed.PermutationControllerTests]
14:39:22.650 [Test worker] DEBUG org.springframework.context.annotation.ClassPathScanningCandidateComponentProvider - Identified candidate component class: file [/Users/mac/Downloads/gs-rest-service-master/javawebservice/build/classes/java/main/uk/co/waleed/Application.class]
14:39:22.664 [Test worker] INFO org.springframework.boot.test.context.SpringBootTestContextBootstrapper - Found @SpringBootConfiguration uk.co.waleed.Application for test class uk.co.waleed.PermutationControllerTests
14:39:22.814 [Test worker] DEBUG org.springframework.boot.test.context.SpringBootTestContextBootstrapper - @TestExecutionListeners is not present for class [uk.co.waleed.PermutationControllerTests]: using defaults.
14:39:22.815 [Test worker] INFO org.springframework.boot.test.context.SpringBootTestContextBootstrapper - Loaded default TestExecutionListener class names from location [META-INF/spring.factories]: [org.springframework.boot.test.autoconfigure.restdocs.RestDocsTestExecutionListener, org.springframework.boot.test.autoconfigure.web.client.MockRestServiceServerResetTestExecutionListener, org.springframework.boot.test.autoconfigure.web.servlet.MockMvcPrintOnlyOnFailureTestExecutionListener, org.springframework.boot.test.autoconfigure.web.servlet.WebDriverTestExecutionListener, org.springframework.boot.test.mock.mockito.MockitoTestExecutionListener, org.springframework.boot.test.mock.mockito.ResetMocksTestExecutionListener, org.springframework.test.context.web.ServletTestExecutionListener, org.springframework.test.context.support.DirtiesContextBeforeModesTestExecutionListener, org.springframework.test.context.support.DependencyInjectionTestExecutionListener, org.springframework.test.context.support.DirtiesContextTestExecutionListener, org.springframework.test.context.transaction.TransactionalTestExecutionListener, org.springframework.test.context.jdbc.SqlScriptsTestExecutionListener]
14:39:22.831 [Test worker] DEBUG org.springframework.boot.test.context.SpringBootTestContextBootstrapper - Skipping candidate TestExecutionListener [org.springframework.test.context.transaction.TransactionalTestExecutionListener] due to a missing dependency. Specify custom listener classes or make the default listener classes and their required dependencies available. Offending class: [org/springframework/transaction/interceptor/TransactionAttributeSource]
14:39:22.832 [Test worker] DEBUG org.springframework.boot.test.context.SpringBootTestContextBootstrapper - Skipping candidate TestExecutionListener [org.springframework.test.context.jdbc.SqlScriptsTestExecutionListener] due to a missing dependency. Specify custom listener classes or make the default listener classes and their required dependencies available. Offending class: [org/springframework/transaction/interceptor/TransactionAttribute]
14:39:22.832 [Test worker] INFO org.springframework.boot.test.context.SpringBootTestContextBootstrapper - Using TestExecutionListeners: [org.springframework.test.context.web.ServletTestExecutionListener@27e865aa, org.springframework.test.context.support.DirtiesContextBeforeModesTestExecutionListener@196865c6, org.springframework.boot.test.mock.mockito.MockitoTestExecutionListener@222e8cee, org.springframework.boot.test.autoconfigure.SpringBootDependencyInjectionTestExecutionListener@5785a41d, org.springframework.test.context.support.DirtiesContextTestExecutionListener@33a44e72, org.springframework.boot.test.autoconfigure.restdocs.RestDocsTestExecutionListener@69b85b95, org.springframework.boot.test.autoconfigure.web.client.MockRestServiceServerResetTestExecutionListener@3fa7e3b0, org.springframework.boot.test.autoconfigure.web.servlet.MockMvcPrintOnlyOnFailureTestExecutionListener@45f80d15, org.springframework.boot.test.autoconfigure.web.servlet.WebDriverTestExecutionListener@543e1c06, org.springframework.boot.test.mock.mockito.ResetMocksTestExecutionListener@7ff191e7]
14:39:22.836 [Test worker] DEBUG org.springframework.test.annotation.ProfileValueUtils - Retrieved @ProfileValueSourceConfiguration [null] for test class [uk.co.waleed.PermutationControllerTests]
14:39:22.836 [Test worker] DEBUG org.springframework.test.annotation.ProfileValueUtils - Retrieved ProfileValueSource type [class org.springframework.test.annotation.SystemProfileValueSource] for class [uk.co.waleed.PermutationControllerTests]
14:39:22.837 [Test worker] DEBUG org.springframework.test.annotation.ProfileValueUtils - Retrieved @ProfileValueSourceConfiguration [null] for test class [uk.co.waleed.PermutationControllerTests]
14:39:22.838 [Test worker] DEBUG org.springframework.test.annotation.ProfileValueUtils - Retrieved ProfileValueSource type [class org.springframework.test.annotation.SystemProfileValueSource] for class [uk.co.waleed.PermutationControllerTests]
14:39:22.843 [Test worker] DEBUG org.springframework.test.context.support.AbstractDirtiesContextTestExecutionListener - Before test class: context [DefaultTestContext@1277e192 testClass = PermutationControllerTests, testInstance = [null], testMethod = [null], testException = [null], mergedContextConfiguration = [WebMergedContextConfiguration@50771536 testClass = PermutationControllerTests, locations = '{}', classes = '{class uk.co.waleed.Application}', contextInitializerClasses = '[]', activeProfiles = '{}', propertySourceLocations = '{}', propertySourceProperties = '{org.springframework.boot.test.context.SpringBootTestContextBootstrapper=true}', contextCustomizers = set[org.springframework.boot.test.autoconfigure.properties.PropertyMappingContextCustomizer@e7e8512, org.springframework.boot.test.autoconfigure.web.servlet.WebDriverContextCustomizerFactory$Customizer@1eace5b8, [ImportsContextCustomizer@4d779d91 key = [org.springframework.boot.test.autoconfigure.web.servlet.MockMvcAutoConfiguration, org.springframework.boot.test.autoconfigure.web.servlet.MockMvcSecurityAutoConfiguration, org.springframework.boot.test.autoconfigure.web.servlet.MockMvcWebClientAutoConfiguration, org.springframework.boot.test.autoconfigure.web.servlet.MockMvcWebDriverAutoConfiguration]], org.springframework.boot.test.context.filter.ExcludeFilterContextCustomizer@7f1aa2a, org.springframework.boot.test.json.DuplicateJsonObjectContextCustomizerFactory$DuplicateJsonObjectContextCustomizer@32947eaa, org.springframework.boot.test.mock.mockito.MockitoContextCustomizer@0, org.springframework.boot.test.web.client.TestRestTemplateContextCustomizer@36ded721], resourceBasePath = 'src/main/webapp', contextLoader = 'org.springframework.boot.test.context.SpringBootContextLoader', parent = [null]], attributes = map['org.springframework.test.context.web.ServletTestExecutionListener.activateListener' -> true]], class annotated with @DirtiesContext [false] with mode [null].
14:39:22.843 [Test worker] DEBUG org.springframework.test.annotation.ProfileValueUtils - Retrieved @ProfileValueSourceConfiguration [null] for test class [uk.co.waleed.PermutationControllerTests]
14:39:22.844 [Test worker] DEBUG org.springframework.test.annotation.ProfileValueUtils - Retrieved ProfileValueSource type [class org.springframework.test.annotation.SystemProfileValueSource] for class [uk.co.waleed.PermutationControllerTests]
14:39:22.861 [Test worker] DEBUG org.springframework.test.context.support.TestPropertySourceUtils - Adding inlined properties to environment: {spring.jmx.enabled=false, org.springframework.boot.test.context.SpringBootTestContextBootstrapper=true, server.port=-1}

  .   ____          _            __ _ _
 /\\ / ___'_ __ _ _(_)_ __  __ _ \ \ \ \
( ( )\___ | '_ | '_| | '_ \/ _` | \ \ \ \
 \\/  ___)| |_)| | | | | || (_| |  ) ) ) )
  '  |____| .__|_| |_|_| |_\__, | / / / /
 =========|_|==============|___/=/_/_/_/
 :: Spring Boot ::        (v2.1.6.RELEASE)

2019-12-28 14:39:23.293  INFO 4326 --- [    Test worker] uk.co.waleed.PermutationControllerTests  : Starting PermutationControllerTests on Macbooks-MBP with PID 4326 (started by mac in /Users/mac/Downloads/gs-rest-service-master/javawebservice)
2019-12-28 14:39:23.294  INFO 4326 --- [    Test worker] uk.co.waleed.PermutationControllerTests  : No active profile set, falling back to default profiles: default
2019-12-28 14:39:25.165  INFO 4326 --- [    Test worker] o.s.s.concurrent.ThreadPoolTaskExecutor  : Initializing ExecutorService 'applicationTaskExecutor'
2019-12-28 14:39:25.509  INFO 4326 --- [    Test worker] o.s.b.t.m.w.SpringBootMockServletContext : Initializing Spring TestDispatcherServlet ''
2019-12-28 14:39:25.509  INFO 4326 --- [    Test worker] o.s.t.web.servlet.TestDispatcherServlet  : Initializing Servlet ''
2019-12-28 14:39:25.522  INFO 4326 --- [    Test worker] o.s.t.web.servlet.TestDispatcherServlet  : Completed initialization in 12 ms
2019-12-28 14:39:25.556  INFO 4326 --- [    Test worker] uk.co.waleed.PermutationControllerTests  : Started PermutationControllerTests in 2.684 seconds (JVM running for 3.933)
You entered 369
The digits in the input are [3, 6, 9]
963,936,693,639,396,369
Thanks and goodbye

MockHttpServletRequest:
      HTTP Method = GET
      Request URI = /permutation
       Parameters = {permuteInt=[369]}
          Headers = []
             Body = null
    Session Attrs = {}

Handler:
             Type = uk.co.waleed.PermutationController
           Method = public uk.co.waleed.Permutation uk.co.waleed.PermutationController.greeting(java.lang.String)

Async:
    Async started = false
     Async result = null

Resolved Exception:
             Type = null

ModelAndView:
        View name = null
             View = null
            Model = null

FlashMap:
       Attributes = null

MockHttpServletResponse:
           Status = 200
    Error message = null
          Headers = [Content-Type:"application/json;charset=UTF-8"]
     Content type = application/json;charset=UTF-8
             Body = {"id":1,"content":"The permuted value is, 963,936,693,639,396,369!"}
    Forwarded URL = null
   Redirected URL = null
          Cookies = []
You entered 326
The digits in the input are [3, 2, 6]
632,623,362,326,263,236
Thanks and goodbye

MockHttpServletRequest:
      HTTP Method = GET
      Request URI = /permutation
       Parameters = {}
          Headers = []
             Body = null
    Session Attrs = {}

Handler:
             Type = uk.co.waleed.PermutationController
           Method = public uk.co.waleed.Permutation uk.co.waleed.PermutationController.greeting(java.lang.String)

Async:
    Async started = false
     Async result = null

Resolved Exception:
             Type = null

ModelAndView:
        View name = null
             View = null
            Model = null

FlashMap:
       Attributes = null

MockHttpServletResponse:
           Status = 200
    Error message = null
          Headers = [Content-Type:"application/json;charset=UTF-8"]
     Content type = application/json;charset=UTF-8
             Body = {"id":2,"content":"The permuted value is, 632,623,362,326,263,236!"}
    Forwarded URL = null
   Redirected URL = null
          Cookies = []
]]></system-out>
  <system-err><![CDATA[]]></system-err>
</testsuite>
