<?xml version="1.0" encoding="UTF-8"?>
<testsuite name="uk.co.waleed.GreetingControllerTests" tests="2" skipped="0" failures="0" errors="0" timestamp="2019-12-28T14:39:26" hostname="Macbooks-MBP" time="0.024">
  <properties/>
  <testcase name="noParamGreetingShouldReturnDefaultMessage" classname="uk.co.waleed.GreetingControllerTests" time="0.016"/>
  <testcase name="paramGreetingShouldReturnTailoredMessage" classname="uk.co.waleed.GreetingControllerTests" time="0.008"/>
  <system-out><![CDATA[2019-12-28 14:39:26.155  INFO 4326 --- [    Test worker] .b.t.c.SpringBootTestContextBootstrapper : Neither @ContextConfiguration nor @ContextHierarchy found for test class [uk.co.waleed.GreetingControllerTests], using SpringBootContextLoader
2019-12-28 14:39:26.156  INFO 4326 --- [    Test worker] o.s.t.c.support.AbstractContextLoader    : Could not detect default resource locations for test class [uk.co.waleed.GreetingControllerTests]: no resource found for suffixes {-context.xml, Context.groovy}.
2019-12-28 14:39:26.157  INFO 4326 --- [    Test worker] t.c.s.AnnotationConfigContextLoaderUtils : Could not detect default configuration classes for test class [uk.co.waleed.GreetingControllerTests]: GreetingControllerTests does not declare any static, non-private, non-final, nested classes annotated with @Configuration.
2019-12-28 14:39:26.163  INFO 4326 --- [    Test worker] .b.t.c.SpringBootTestContextBootstrapper : Found @SpringBootConfiguration uk.co.waleed.Application for test class uk.co.waleed.GreetingControllerTests
2019-12-28 14:39:26.164  INFO 4326 --- [    Test worker] .b.t.c.SpringBootTestContextBootstrapper : Loaded default TestExecutionListener class names from location [META-INF/spring.factories]: [org.springframework.boot.test.autoconfigure.restdocs.RestDocsTestExecutionListener, org.springframework.boot.test.autoconfigure.web.client.MockRestServiceServerResetTestExecutionListener, org.springframework.boot.test.autoconfigure.web.servlet.MockMvcPrintOnlyOnFailureTestExecutionListener, org.springframework.boot.test.autoconfigure.web.servlet.WebDriverTestExecutionListener, org.springframework.boot.test.mock.mockito.MockitoTestExecutionListener, org.springframework.boot.test.mock.mockito.ResetMocksTestExecutionListener, org.springframework.test.context.web.ServletTestExecutionListener, org.springframework.test.context.support.DirtiesContextBeforeModesTestExecutionListener, org.springframework.test.context.support.DependencyInjectionTestExecutionListener, org.springframework.test.context.support.DirtiesContextTestExecutionListener, org.springframework.test.context.transaction.TransactionalTestExecutionListener, org.springframework.test.context.jdbc.SqlScriptsTestExecutionListener]
2019-12-28 14:39:26.165  INFO 4326 --- [    Test worker] .b.t.c.SpringBootTestContextBootstrapper : Using TestExecutionListeners: [org.springframework.test.context.web.ServletTestExecutionListener@1093748, org.springframework.test.context.support.DirtiesContextBeforeModesTestExecutionListener@533cf483, org.springframework.boot.test.mock.mockito.MockitoTestExecutionListener@7bf892f1, org.springframework.boot.test.autoconfigure.SpringBootDependencyInjectionTestExecutionListener@4a8b44a1, org.springframework.test.context.support.DirtiesContextTestExecutionListener@27089cf, org.springframework.boot.test.autoconfigure.restdocs.RestDocsTestExecutionListener@365cfdee, org.springframework.boot.test.autoconfigure.web.client.MockRestServiceServerResetTestExecutionListener@90c9ece, org.springframework.boot.test.autoconfigure.web.servlet.MockMvcPrintOnlyOnFailureTestExecutionListener@19b26d02, org.springframework.boot.test.autoconfigure.web.servlet.WebDriverTestExecutionListener@1f0ab10a, org.springframework.boot.test.mock.mockito.ResetMocksTestExecutionListener@4ee88c88]

MockHttpServletRequest:
      HTTP Method = GET
      Request URI = /greeting
       Parameters = {}
          Headers = []
             Body = null
    Session Attrs = {}

Handler:
             Type = uk.co.waleed.Greeting.Controller.GreetingController
           Method = public uk.co.waleed.Greeting.Greeting uk.co.waleed.Greeting.Controller.GreetingController.greeting(java.lang.String)

Async:
    Async started = false
     Async result = null

Resolved Exception:
             Type = null

ModelAndView:
        View name = null
             View = null
            Model = null

FlashMap:
       Attributes = null

MockHttpServletResponse:
           Status = 200
    Error message = null
          Headers = [Content-Type:"application/json;charset=UTF-8"]
     Content type = application/json;charset=UTF-8
             Body = {"id":1,"content":"Hello, World!"}
    Forwarded URL = null
   Redirected URL = null
          Cookies = []

MockHttpServletRequest:
      HTTP Method = GET
      Request URI = /greeting
       Parameters = {name=[Spring Community]}
          Headers = []
             Body = null
    Session Attrs = {}

Handler:
             Type = uk.co.waleed.Greeting.Controller.GreetingController
           Method = public uk.co.waleed.Greeting.Greeting uk.co.waleed.Greeting.Controller.GreetingController.greeting(java.lang.String)

Async:
    Async started = false
     Async result = null

Resolved Exception:
             Type = null

ModelAndView:
        View name = null
             View = null
            Model = null

FlashMap:
       Attributes = null

MockHttpServletResponse:
           Status = 200
    Error message = null
          Headers = [Content-Type:"application/json;charset=UTF-8"]
     Content type = application/json;charset=UTF-8
             Body = {"id":2,"content":"Hello, Spring Community!"}
    Forwarded URL = null
   Redirected URL = null
          Cookies = []
]]></system-out>
  <system-err><![CDATA[]]></system-err>
</testsuite>
